2017/04/22 21:26:27 [I] Load account from /Users/jxiong1/.qshell/account.json
2017/04/22 21:26:28 [I] Listing local sync dir, this can take a long time for big directory, please wait patiently
2017/04/22 21:26:28 [I] Walk `/Users/jxiong1/repo/junxiong.blog/static/uploads` start from 2017-04-22 21:26:28.456212124 -0700 MST
2017/04/22 21:26:28 [I] Walking through `/Users/jxiong1/repo/junxiong.blog/static/uploads`
2017/04/22 21:26:28 [I] Walk `/Users/jxiong1/repo/junxiong.blog/static/uploads` end at 2017-04-22 21:26:28.466398778 -0700 MST
2017/04/22 21:26:28 [I] Walk `/Users/jxiong1/repo/junxiong.blog/static/uploads` last for 10.240296ms
2017/04/22 21:26:28 [I] Total file count cached 85
2017/04/22 21:26:28 [I] Uploading file /Users/jxiong1/repo/junxiong.blog/static/uploads/.DS_Store => junxiong-blog-image : .DS_Store
2017/04/22 21:26:28 [I] Uploading file /Users/jxiong1/repo/junxiong.blog/static/uploads/avata.jpg => junxiong-blog-image : avata.jpg
2017/04/22 21:26:28 [I] Uploading file /Users/jxiong1/repo/junxiong.blog/static/uploads/avatar.jpg => junxiong-blog-image : avatar.jpg
2017/04/22 21:26:34 [I] Upload file `/Users/jxiong1/repo/junxiong.blog/static/uploads/.DS_Store` => `.DS_Store` success
2017/04/22 21:26:34 [I] Uploading file /Users/jxiong1/repo/junxiong.blog/static/uploads/geocloud001.jpg => junxiong-blog-image : geocloud001.jpg
2017/04/22 21:26:34 [I] Upload file `/Users/jxiong1/repo/junxiong.blog/static/uploads/avata.jpg` => `avata.jpg` success
2017/04/22 21:26:34 [I] Uploading file /Users/jxiong1/repo/junxiong.blog/static/uploads/geocloud002.jpg => junxiong-blog-image : geocloud002.jpg
2017/04/22 21:26:35 [I] Upload file `/Users/jxiong1/repo/junxiong.blog/static/uploads/avatar.jpg` => `avatar.jpg` success
2017/04/22 21:26:35 [I] Uploading file /Users/jxiong1/repo/junxiong.blog/static/uploads/geocloud003.jpg => junxiong-blog-image : geocloud003.jpg
2017/04/22 21:26:40 [I] Upload file `/Users/jxiong1/repo/junxiong.blog/static/uploads/geocloud001.jpg` => `geocloud001.jpg` success
2017/04/22 21:26:40 [I] Uploading file /Users/jxiong1/repo/junxiong.blog/static/uploads/geocloud004.jpg => junxiong-blog-image : geocloud004.jpg
2017/04/22 21:26:40 [I] Upload file `/Users/jxiong1/repo/junxiong.blog/static/uploads/geocloud002.jpg` => `geocloud002.jpg` success
2017/04/22 21:26:40 [I] Uploading file /Users/jxiong1/repo/junxiong.blog/static/uploads/geocloud005.jpg => junxiong-blog-image : geocloud005.jpg
2017/04/22 21:26:42 [I] Upload file `/Users/jxiong1/repo/junxiong.blog/static/uploads/geocloud003.jpg` => `geocloud003.jpg` success
2017/04/22 21:26:42 [I] Uploading file /Users/jxiong1/repo/junxiong.blog/static/uploads/geocloud005a.jpg => junxiong-blog-image : geocloud005a.jpg
2017/04/22 21:26:43 [I] Upload file `/Users/jxiong1/repo/junxiong.blog/static/uploads/geocloud004.jpg` => `geocloud004.jpg` success
2017/04/22 21:26:43 [I] Uploading file /Users/jxiong1/repo/junxiong.blog/static/uploads/geocloud005b.jpg => junxiong-blog-image : geocloud005b.jpg
2017/04/22 21:26:43 [I] Upload file `/Users/jxiong1/repo/junxiong.blog/static/uploads/geocloud005.jpg` => `geocloud005.jpg` success
2017/04/22 21:26:43 [I] Uploading file /Users/jxiong1/repo/junxiong.blog/static/uploads/geocloud005c.jpg => junxiong-blog-image : geocloud005c.jpg
2017/04/22 21:26:44 [I] Upload file `/Users/jxiong1/repo/junxiong.blog/static/uploads/geocloud005a.jpg` => `geocloud005a.jpg` success
2017/04/22 21:26:44 [I] Uploading file /Users/jxiong1/repo/junxiong.blog/static/uploads/geocloud005d.jpg => junxiong-blog-image : geocloud005d.jpg
2017/04/22 21:26:44 [I] Upload file `/Users/jxiong1/repo/junxiong.blog/static/uploads/geocloud005b.jpg` => `geocloud005b.jpg` success
2017/04/22 21:26:44 [I] Uploading file /Users/jxiong1/repo/junxiong.blog/static/uploads/geocloud005e.jpg => junxiong-blog-image : geocloud005e.jpg
2017/04/22 21:26:45 [I] Upload file `/Users/jxiong1/repo/junxiong.blog/static/uploads/geocloud005c.jpg` => `geocloud005c.jpg` success
2017/04/22 21:26:45 [I] Uploading file /Users/jxiong1/repo/junxiong.blog/static/uploads/geocloud006.jpg => junxiong-blog-image : geocloud006.jpg
2017/04/22 21:26:47 [I] Upload file `/Users/jxiong1/repo/junxiong.blog/static/uploads/geocloud005d.jpg` => `geocloud005d.jpg` success
2017/04/22 21:26:47 [I] Uploading file /Users/jxiong1/repo/junxiong.blog/static/uploads/geocloud006a.jpg => junxiong-blog-image : geocloud006a.jpg
2017/04/22 21:26:48 [I] Upload file `/Users/jxiong1/repo/junxiong.blog/static/uploads/geocloud005e.jpg` => `geocloud005e.jpg` success
2017/04/22 21:26:48 [I] Uploading file /Users/jxiong1/repo/junxiong.blog/static/uploads/geocloud006b.jpg => junxiong-blog-image : geocloud006b.jpg
2017/04/22 21:26:49 [I] Upload file `/Users/jxiong1/repo/junxiong.blog/static/uploads/geocloud006.jpg` => `geocloud006.jpg` success
2017/04/22 21:26:49 [I] Uploading file /Users/jxiong1/repo/junxiong.blog/static/uploads/geocloud006c.jpg => junxiong-blog-image : geocloud006c.jpg
2017/04/22 21:26:50 [I] Upload file `/Users/jxiong1/repo/junxiong.blog/static/uploads/geocloud006a.jpg` => `geocloud006a.jpg` success
2017/04/22 21:26:50 [I] Uploading file /Users/jxiong1/repo/junxiong.blog/static/uploads/geocloud007.jpg => junxiong-blog-image : geocloud007.jpg
2017/04/22 21:26:50 [I] Upload file `/Users/jxiong1/repo/junxiong.blog/static/uploads/geocloud006b.jpg` => `geocloud006b.jpg` success
2017/04/22 21:26:50 [I] Uploading file /Users/jxiong1/repo/junxiong.blog/static/uploads/geocloud007a.jpg => junxiong-blog-image : geocloud007a.jpg
2017/04/22 21:26:51 [I] Upload file `/Users/jxiong1/repo/junxiong.blog/static/uploads/geocloud006c.jpg` => `geocloud006c.jpg` success
2017/04/22 21:26:51 [I] Uploading file /Users/jxiong1/repo/junxiong.blog/static/uploads/geocloud007b.jpg => junxiong-blog-image : geocloud007b.jpg
2017/04/22 21:26:53 [I] Upload file `/Users/jxiong1/repo/junxiong.blog/static/uploads/geocloud007.jpg` => `geocloud007.jpg` success
2017/04/22 21:26:53 [I] Uploading file /Users/jxiong1/repo/junxiong.blog/static/uploads/geocloud007c.jpg => junxiong-blog-image : geocloud007c.jpg
2017/04/22 21:26:53 [I] Upload file `/Users/jxiong1/repo/junxiong.blog/static/uploads/geocloud007a.jpg` => `geocloud007a.jpg` success
2017/04/22 21:26:53 [I] Uploading file /Users/jxiong1/repo/junxiong.blog/static/uploads/geocloud007d.jpg => junxiong-blog-image : geocloud007d.jpg
2017/04/22 21:26:54 [I] Upload file `/Users/jxiong1/repo/junxiong.blog/static/uploads/geocloud007b.jpg` => `geocloud007b.jpg` success
2017/04/22 21:26:54 [I] Uploading file /Users/jxiong1/repo/junxiong.blog/static/uploads/geocloud007e.jpg => junxiong-blog-image : geocloud007e.jpg
2017/04/22 21:26:54 [I] Upload file `/Users/jxiong1/repo/junxiong.blog/static/uploads/geocloud007c.jpg` => `geocloud007c.jpg` success
2017/04/22 21:26:54 [I] Uploading file /Users/jxiong1/repo/junxiong.blog/static/uploads/geocloud008.jpg => junxiong-blog-image : geocloud008.jpg
2017/04/22 21:26:55 [I] Upload file `/Users/jxiong1/repo/junxiong.blog/static/uploads/geocloud007d.jpg` => `geocloud007d.jpg` success
2017/04/22 21:26:55 [I] Uploading file /Users/jxiong1/repo/junxiong.blog/static/uploads/geocloud008a.jpg => junxiong-blog-image : geocloud008a.jpg
2017/04/22 21:26:56 [I] Upload file `/Users/jxiong1/repo/junxiong.blog/static/uploads/geocloud007e.jpg` => `geocloud007e.jpg` success
2017/04/22 21:26:56 [I] Uploading file /Users/jxiong1/repo/junxiong.blog/static/uploads/geocloud008b.jpg => junxiong-blog-image : geocloud008b.jpg
2017/04/22 21:26:59 [I] Upload file `/Users/jxiong1/repo/junxiong.blog/static/uploads/geocloud008.jpg` => `geocloud008.jpg` success
2017/04/22 21:26:59 [I] Uploading file /Users/jxiong1/repo/junxiong.blog/static/uploads/geocloud009.jpg => junxiong-blog-image : geocloud009.jpg
2017/04/22 21:26:59 [I] Upload file `/Users/jxiong1/repo/junxiong.blog/static/uploads/geocloud008a.jpg` => `geocloud008a.jpg` success
2017/04/22 21:26:59 [I] Uploading file /Users/jxiong1/repo/junxiong.blog/static/uploads/iask001.jpg => junxiong-blog-image : iask001.jpg
2017/04/22 21:27:00 [I] Upload file `/Users/jxiong1/repo/junxiong.blog/static/uploads/geocloud008b.jpg` => `geocloud008b.jpg` success
2017/04/22 21:27:00 [I] Uploading file /Users/jxiong1/repo/junxiong.blog/static/uploads/iask002.jpg => junxiong-blog-image : iask002.jpg
2017/04/22 21:27:07 [I] Upload file `/Users/jxiong1/repo/junxiong.blog/static/uploads/geocloud009.jpg` => `geocloud009.jpg` success
2017/04/22 21:27:07 [I] Uploading file /Users/jxiong1/repo/junxiong.blog/static/uploads/iask004.jpg => junxiong-blog-image : iask004.jpg
2017/04/22 21:27:07 [I] Upload file `/Users/jxiong1/repo/junxiong.blog/static/uploads/iask001.jpg` => `iask001.jpg` success
2017/04/22 21:27:07 [I] Uploading file /Users/jxiong1/repo/junxiong.blog/static/uploads/iask005.jpg => junxiong-blog-image : iask005.jpg
2017/04/22 21:27:08 [I] Upload file `/Users/jxiong1/repo/junxiong.blog/static/uploads/iask002.jpg` => `iask002.jpg` success
2017/04/22 21:27:08 [I] Uploading file /Users/jxiong1/repo/junxiong.blog/static/uploads/iask006.jpg => junxiong-blog-image : iask006.jpg
2017/04/22 21:27:08 [I] Upload file `/Users/jxiong1/repo/junxiong.blog/static/uploads/iask004.jpg` => `iask004.jpg` success
2017/04/22 21:27:08 [I] Uploading file /Users/jxiong1/repo/junxiong.blog/static/uploads/iask007.jpg => junxiong-blog-image : iask007.jpg
2017/04/22 21:27:09 [I] Upload file `/Users/jxiong1/repo/junxiong.blog/static/uploads/iask005.jpg` => `iask005.jpg` success
2017/04/22 21:27:09 [I] Uploading file /Users/jxiong1/repo/junxiong.blog/static/uploads/iask008.jpg => junxiong-blog-image : iask008.jpg
2017/04/22 21:27:10 [I] Upload file `/Users/jxiong1/repo/junxiong.blog/static/uploads/iask006.jpg` => `iask006.jpg` success
2017/04/22 21:27:10 [I] Uploading file /Users/jxiong1/repo/junxiong.blog/static/uploads/iask009.jpg => junxiong-blog-image : iask009.jpg
2017/04/22 21:27:10 [I] Upload file `/Users/jxiong1/repo/junxiong.blog/static/uploads/iask007.jpg` => `iask007.jpg` success
2017/04/22 21:27:10 [I] Uploading file /Users/jxiong1/repo/junxiong.blog/static/uploads/qrcode.jpg => junxiong-blog-image : qrcode.jpg
2017/04/22 21:27:11 [I] Upload file `/Users/jxiong1/repo/junxiong.blog/static/uploads/iask008.jpg` => `iask008.jpg` success
2017/04/22 21:27:11 [I] Uploading file /Users/jxiong1/repo/junxiong.blog/static/uploads/time001.jpg => junxiong-blog-image : time001.jpg
2017/04/22 21:27:12 [I] Upload file `/Users/jxiong1/repo/junxiong.blog/static/uploads/iask009.jpg` => `iask009.jpg` success
2017/04/22 21:27:12 [I] Uploading file /Users/jxiong1/repo/junxiong.blog/static/uploads/time002.jpg => junxiong-blog-image : time002.jpg
2017/04/22 21:27:12 [I] Upload file `/Users/jxiong1/repo/junxiong.blog/static/uploads/qrcode.jpg` => `qrcode.jpg` success
2017/04/22 21:27:12 [I] Uploading file /Users/jxiong1/repo/junxiong.blog/static/uploads/time003.jpg => junxiong-blog-image : time003.jpg
2017/04/22 21:27:13 [I] Upload file `/Users/jxiong1/repo/junxiong.blog/static/uploads/time001.jpg` => `time001.jpg` success
2017/04/22 21:27:13 [I] Uploading file /Users/jxiong1/repo/junxiong.blog/static/uploads/time004.jpg => junxiong-blog-image : time004.jpg
2017/04/22 21:27:13 [I] Upload file `/Users/jxiong1/repo/junxiong.blog/static/uploads/time002.jpg` => `time002.jpg` success
2017/04/22 21:27:13 [I] Uploading file /Users/jxiong1/repo/junxiong.blog/static/uploads/time005.jpg => junxiong-blog-image : time005.jpg
2017/04/22 21:27:14 [I] Upload file `/Users/jxiong1/repo/junxiong.blog/static/uploads/time003.jpg` => `time003.jpg` success
2017/04/22 21:27:14 [I] Uploading file /Users/jxiong1/repo/junxiong.blog/static/uploads/time006.jpg => junxiong-blog-image : time006.jpg
2017/04/22 21:27:14 [I] Upload file `/Users/jxiong1/repo/junxiong.blog/static/uploads/time004.jpg` => `time004.jpg` success
2017/04/22 21:27:14 [I] Uploading file /Users/jxiong1/repo/junxiong.blog/static/uploads/time007.jpg => junxiong-blog-image : time007.jpg
2017/04/22 21:27:15 [I] Upload file `/Users/jxiong1/repo/junxiong.blog/static/uploads/time005.jpg` => `time005.jpg` success
2017/04/22 21:27:15 [I] Uploading file /Users/jxiong1/repo/junxiong.blog/static/uploads/time008.jpg => junxiong-blog-image : time008.jpg
2017/04/22 21:27:16 [I] Upload file `/Users/jxiong1/repo/junxiong.blog/static/uploads/time006.jpg` => `time006.jpg` success
2017/04/22 21:27:16 [I] Uploading file /Users/jxiong1/repo/junxiong.blog/static/uploads/time009.jpg => junxiong-blog-image : time009.jpg
2017/04/22 21:27:46 [I] Upload file `/Users/jxiong1/repo/junxiong.blog/static/uploads/time007.jpg` => `time007.jpg` success
2017/04/22 21:27:46 [I] Uploading file /Users/jxiong1/repo/junxiong.blog/static/uploads/time010.jpg => junxiong-blog-image : time010.jpg
2017/04/22 21:27:46 [I] Upload file `/Users/jxiong1/repo/junxiong.blog/static/uploads/time008.jpg` => `time008.jpg` success
2017/04/22 21:27:46 [I] Uploading file /Users/jxiong1/repo/junxiong.blog/static/uploads/time011.jpg => junxiong-blog-image : time011.jpg
2017/04/22 21:27:47 [I] Upload file `/Users/jxiong1/repo/junxiong.blog/static/uploads/time009.jpg` => `time009.jpg` success
2017/04/22 21:27:47 [I] Uploading file /Users/jxiong1/repo/junxiong.blog/static/uploads/time012.jpg => junxiong-blog-image : time012.jpg
2017/04/22 21:27:49 [I] Upload file `/Users/jxiong1/repo/junxiong.blog/static/uploads/time010.jpg` => `time010.jpg` success
2017/04/22 21:27:49 [I] Uploading file /Users/jxiong1/repo/junxiong.blog/static/uploads/time013.jpg => junxiong-blog-image : time013.jpg
2017/04/22 21:27:50 [I] Upload file `/Users/jxiong1/repo/junxiong.blog/static/uploads/time011.jpg` => `time011.jpg` success
2017/04/22 21:27:50 [I] Uploading file /Users/jxiong1/repo/junxiong.blog/static/uploads/time014.jpg => junxiong-blog-image : time014.jpg
2017/04/22 21:27:51 [I] Upload file `/Users/jxiong1/repo/junxiong.blog/static/uploads/time012.jpg` => `time012.jpg` success
2017/04/22 21:27:51 [I] Uploading file /Users/jxiong1/repo/junxiong.blog/static/uploads/time015.jpg => junxiong-blog-image : time015.jpg
2017/04/22 21:27:53 [I] Upload file `/Users/jxiong1/repo/junxiong.blog/static/uploads/time013.jpg` => `time013.jpg` success
2017/04/22 21:27:53 [I] Uploading file /Users/jxiong1/repo/junxiong.blog/static/uploads/time016.jpg => junxiong-blog-image : time016.jpg
2017/04/22 21:27:54 [I] Upload file `/Users/jxiong1/repo/junxiong.blog/static/uploads/time014.jpg` => `time014.jpg` success
2017/04/22 21:27:54 [I] Uploading file /Users/jxiong1/repo/junxiong.blog/static/uploads/time017.jpg => junxiong-blog-image : time017.jpg
2017/04/22 21:27:55 [I] Upload file `/Users/jxiong1/repo/junxiong.blog/static/uploads/time015.jpg` => `time015.jpg` success
2017/04/22 21:27:55 [I] Uploading file /Users/jxiong1/repo/junxiong.blog/static/uploads/time018.jpg => junxiong-blog-image : time018.jpg
2017/04/22 21:27:56 [I] Upload file `/Users/jxiong1/repo/junxiong.blog/static/uploads/time016.jpg` => `time016.jpg` success
2017/04/22 21:27:56 [I] Uploading file /Users/jxiong1/repo/junxiong.blog/static/uploads/time019.jpg => junxiong-blog-image : time019.jpg
2017/04/22 21:27:57 [I] Upload file `/Users/jxiong1/repo/junxiong.blog/static/uploads/time017.jpg` => `time017.jpg` success
2017/04/22 21:27:57 [I] Uploading file /Users/jxiong1/repo/junxiong.blog/static/uploads/time020.jpg => junxiong-blog-image : time020.jpg
2017/04/22 21:27:57 [I] Upload file `/Users/jxiong1/repo/junxiong.blog/static/uploads/time018.jpg` => `time018.jpg` success
2017/04/22 21:27:57 [I] Uploading file /Users/jxiong1/repo/junxiong.blog/static/uploads/time021.jpg => junxiong-blog-image : time021.jpg
2017/04/22 21:27:59 [I] Upload file `/Users/jxiong1/repo/junxiong.blog/static/uploads/time019.jpg` => `time019.jpg` success
2017/04/22 21:27:59 [I] Uploading file /Users/jxiong1/repo/junxiong.blog/static/uploads/time022.jpg => junxiong-blog-image : time022.jpg
2017/04/22 21:28:00 [I] Upload file `/Users/jxiong1/repo/junxiong.blog/static/uploads/time020.jpg` => `time020.jpg` success
2017/04/22 21:28:00 [I] Uploading file /Users/jxiong1/repo/junxiong.blog/static/uploads/time023.jpg => junxiong-blog-image : time023.jpg
2017/04/22 21:28:00 [I] Upload file `/Users/jxiong1/repo/junxiong.blog/static/uploads/time021.jpg` => `time021.jpg` success
2017/04/22 21:28:00 [I] Uploading file /Users/jxiong1/repo/junxiong.blog/static/uploads/time024.jpg => junxiong-blog-image : time024.jpg
2017/04/22 21:28:02 [I] Upload file `/Users/jxiong1/repo/junxiong.blog/static/uploads/time022.jpg` => `time022.jpg` success
2017/04/22 21:28:02 [I] Uploading file /Users/jxiong1/repo/junxiong.blog/static/uploads/time025.jpg => junxiong-blog-image : time025.jpg
2017/04/22 21:28:02 [I] Upload file `/Users/jxiong1/repo/junxiong.blog/static/uploads/time023.jpg` => `time023.jpg` success
2017/04/22 21:28:02 [I] Uploading file /Users/jxiong1/repo/junxiong.blog/static/uploads/time026.jpg => junxiong-blog-image : time026.jpg
2017/04/22 21:28:03 [I] Upload file `/Users/jxiong1/repo/junxiong.blog/static/uploads/time024.jpg` => `time024.jpg` success
2017/04/22 21:28:03 [I] Uploading file /Users/jxiong1/repo/junxiong.blog/static/uploads/time027.jpg => junxiong-blog-image : time027.jpg
2017/04/22 21:28:03 [I] Upload file `/Users/jxiong1/repo/junxiong.blog/static/uploads/time025.jpg` => `time025.jpg` success
2017/04/22 21:28:03 [I] Uploading file /Users/jxiong1/repo/junxiong.blog/static/uploads/time028.jpg => junxiong-blog-image : time028.jpg
2017/04/22 21:28:04 [I] Upload file `/Users/jxiong1/repo/junxiong.blog/static/uploads/time026.jpg` => `time026.jpg` success
2017/04/22 21:28:04 [I] Uploading file /Users/jxiong1/repo/junxiong.blog/static/uploads/time029.jpg => junxiong-blog-image : time029.jpg
2017/04/22 21:28:04 [I] Upload file `/Users/jxiong1/repo/junxiong.blog/static/uploads/time027.jpg` => `time027.jpg` success
2017/04/22 21:28:04 [I] Uploading file /Users/jxiong1/repo/junxiong.blog/static/uploads/time030.jpg => junxiong-blog-image : time030.jpg
2017/04/22 21:28:09 [I] Upload file `/Users/jxiong1/repo/junxiong.blog/static/uploads/time028.jpg` => `time028.jpg` success
2017/04/22 21:28:09 [I] Uploading file /Users/jxiong1/repo/junxiong.blog/static/uploads/time031.jpg => junxiong-blog-image : time031.jpg
2017/04/22 21:28:11 [I] Upload file `/Users/jxiong1/repo/junxiong.blog/static/uploads/time029.jpg` => `time029.jpg` success
2017/04/22 21:28:11 [I] Uploading file /Users/jxiong1/repo/junxiong.blog/static/uploads/time032.jpg => junxiong-blog-image : time032.jpg
2017/04/22 21:28:11 [I] Upload file `/Users/jxiong1/repo/junxiong.blog/static/uploads/time030.jpg` => `time030.jpg` success
2017/04/22 21:28:11 [I] Uploading file /Users/jxiong1/repo/junxiong.blog/static/uploads/time033.jpg => junxiong-blog-image : time033.jpg
2017/04/22 21:28:13 [I] Upload file `/Users/jxiong1/repo/junxiong.blog/static/uploads/time031.jpg` => `time031.jpg` success
2017/04/22 21:28:13 [I] Uploading file /Users/jxiong1/repo/junxiong.blog/static/uploads/time034.jpg => junxiong-blog-image : time034.jpg
2017/04/22 21:28:15 [I] Upload file `/Users/jxiong1/repo/junxiong.blog/static/uploads/time032.jpg` => `time032.jpg` success
2017/04/22 21:28:15 [I] Uploading file /Users/jxiong1/repo/junxiong.blog/static/uploads/time035.jpg => junxiong-blog-image : time035.jpg
2017/04/22 21:28:18 [I] Upload file `/Users/jxiong1/repo/junxiong.blog/static/uploads/time033.jpg` => `time033.jpg` success
2017/04/22 21:28:18 [I] Uploading file /Users/jxiong1/repo/junxiong.blog/static/uploads/time036.jpg => junxiong-blog-image : time036.jpg
2017/04/22 21:28:19 [I] Upload file `/Users/jxiong1/repo/junxiong.blog/static/uploads/time034.jpg` => `time034.jpg` success
2017/04/22 21:28:19 [I] Uploading file /Users/jxiong1/repo/junxiong.blog/static/uploads/time037.jpg => junxiong-blog-image : time037.jpg
2017/04/22 21:28:20 [I] Upload file `/Users/jxiong1/repo/junxiong.blog/static/uploads/time035.jpg` => `time035.jpg` success
2017/04/22 21:28:20 [I] Uploading file /Users/jxiong1/repo/junxiong.blog/static/uploads/time038.jpg => junxiong-blog-image : time038.jpg
2017/04/22 21:28:20 [I] Upload file `/Users/jxiong1/repo/junxiong.blog/static/uploads/time036.jpg` => `time036.jpg` success
2017/04/22 21:28:20 [I] Uploading file /Users/jxiong1/repo/junxiong.blog/static/uploads/time039.jpg => junxiong-blog-image : time039.jpg
2017/04/22 21:28:21 [I] Upload file `/Users/jxiong1/repo/junxiong.blog/static/uploads/time037.jpg` => `time037.jpg` success
2017/04/22 21:28:21 [I] Uploading file /Users/jxiong1/repo/junxiong.blog/static/uploads/time040.jpg => junxiong-blog-image : time040.jpg
2017/04/22 21:28:22 [I] Upload file `/Users/jxiong1/repo/junxiong.blog/static/uploads/time038.jpg` => `time038.jpg` success
2017/04/22 21:28:22 [I] Uploading file /Users/jxiong1/repo/junxiong.blog/static/uploads/time041.jpg => junxiong-blog-image : time041.jpg
2017/04/22 21:28:24 [I] Upload file `/Users/jxiong1/repo/junxiong.blog/static/uploads/time039.jpg` => `time039.jpg` success
2017/04/22 21:28:24 [I] Uploading file /Users/jxiong1/repo/junxiong.blog/static/uploads/time042.jpg => junxiong-blog-image : time042.jpg
2017/04/22 21:28:25 [I] Upload file `/Users/jxiong1/repo/junxiong.blog/static/uploads/time040.jpg` => `time040.jpg` success
2017/04/22 21:28:25 [I] Uploading file /Users/jxiong1/repo/junxiong.blog/static/uploads/time043.jpg => junxiong-blog-image : time043.jpg
2017/04/22 21:28:26 [I] Upload file `/Users/jxiong1/repo/junxiong.blog/static/uploads/time041.jpg` => `time041.jpg` success
2017/04/22 21:28:26 [I] Uploading file /Users/jxiong1/repo/junxiong.blog/static/uploads/time044.jpg => junxiong-blog-image : time044.jpg
2017/04/22 21:28:27 [I] Upload file `/Users/jxiong1/repo/junxiong.blog/static/uploads/time042.jpg` => `time042.jpg` success
2017/04/22 21:28:27 [I] Uploading file /Users/jxiong1/repo/junxiong.blog/static/uploads/time045.jpg => junxiong-blog-image : time045.jpg
2017/04/22 21:28:27 [I] Upload file `/Users/jxiong1/repo/junxiong.blog/static/uploads/time043.jpg` => `time043.jpg` success
2017/04/22 21:28:27 [I] Uploading file /Users/jxiong1/repo/junxiong.blog/static/uploads/time046.jpg => junxiong-blog-image : time046.jpg
2017/04/22 21:28:28 [I] Upload file `/Users/jxiong1/repo/junxiong.blog/static/uploads/time044.jpg` => `time044.jpg` success
2017/04/22 21:28:28 [I] Uploading file /Users/jxiong1/repo/junxiong.blog/static/uploads/time047.jpg => junxiong-blog-image : time047.jpg
2017/04/22 21:28:34 [I] Upload file `/Users/jxiong1/repo/junxiong.blog/static/uploads/time045.jpg` => `time045.jpg` success
2017/04/22 21:28:34 [I] Uploading file /Users/jxiong1/repo/junxiong.blog/static/uploads/time048.jpg => junxiong-blog-image : time048.jpg
2017/04/22 21:28:38 [I] Upload file `/Users/jxiong1/repo/junxiong.blog/static/uploads/time046.jpg` => `time046.jpg` success
2017/04/22 21:28:38 [I] Uploading file /Users/jxiong1/repo/junxiong.blog/static/uploads/time049.jpg => junxiong-blog-image : time049.jpg
2017/04/22 21:28:40 [I] Upload file `/Users/jxiong1/repo/junxiong.blog/static/uploads/time047.jpg` => `time047.jpg` success
2017/04/22 21:28:40 [I] Upload file `/Users/jxiong1/repo/junxiong.blog/static/uploads/time048.jpg` => `time048.jpg` success
2017/04/22 21:28:41 [I] Upload file `/Users/jxiong1/repo/junxiong.blog/static/uploads/time049.jpg` => `time049.jpg` success
2017/04/22 21:28:41 [I] -------------Upload Result--------------
2017/04/22 21:28:41 [I]               Total:        85
2017/04/22 21:28:41 [I]             Success:        85
2017/04/22 21:28:41 [I]             Failure:         0
2017/04/22 21:28:41 [I]        NotOverwrite:         0
2017/04/22 21:28:41 [I]             Skipped:         0
2017/04/22 21:28:41 [I]            Duration:2m13.887696605s
2017/04/22 21:28:41 [I] ----------------------------------------
